--- Error log 2025-09-11T11:37:56.363Z ---
File: 22ZOCVPAF2GSGXR357RM7UT4Z22RS2LH.pdf | Error: Unknown column 'metadata' in 'field list'
File: 23JCEIKVL65X2RGSARNY2VOUNXBTJ5AS.pdf | Error: Unknown column 'metadata' in 'field list'
File: 2544CYX3TC3T5QB2NTVXD3IUFM654GXK.pdf | Error: Unknown column 'metadata' in 'field list'
File: 2A2C2V4WI5YRDJHR26XUD4IAULIYGTMA.pdf | Error: Unknown column 'metadata' in 'field list'
File: 2ED27NR7CISW7J4PHXXBZ6OFPVDFHMFB.pdf | Error: Unknown column 'metadata' in 'field list'
File: 2FDPTMT2NZDE6RIJSZZXGBMD7LYL7YHV.pdf | Error: Unknown column 'metadata' in 'field list'
File: 2KPPNYIT75S3H25JKEWTMQ7WRNCCTMJM.pdf | Error: Unknown column 'metadata' in 'field list'
File: 2LVOKCURIEQKLK43I6T7QLYYQX3RQUXX.pdf | Error: Unknown column 'metadata' in 'field list'
File: 2RE7KOL5KV5FFCUG6CYUVEFF4KIUZN2V.pdf | Error: Unknown column 'metadata' in 'field list'
File: 2REYVBYLIEUNFBZ5FULJCPTJCZHNOENV.pdf | Error: Unknown column 'metadata' in 'field list'
File: 2UD7BSKC7GT3V7I6DK5NH5TFKJ6F3EXL.pdf | Error: Unknown column 'metadata' in 'field list'
File: 2XJLJAFHRTLAIWFDDAVMV2U4QJMISM4P.pdf | Error: Unknown column 'metadata' in 'field list'
File: 2YS3ALM6OTD5ENWN4Z5LOBWG735756DX.pdf | Error: Unknown column 'metadata' in 'field list'
File: 2Z5VOQ6G6CMR5GMVSAAXULXHXTMJPTM2.pdf | Error: Unknown column 'metadata' in 'field list'
File: 35CQZCOMND26DXY46FVVS47WB2AL75OK.pdf | Error: Unknown column 'metadata' in 'field list'
File: 35DKLURQRIKJHCGH3IP5TO2BTAOV4CBN.pdf | Error: Unknown column 'metadata' in 'field list'
File: 37RZ6AARR76UDY2JH4LRVGQBIPYUQ2A2.pdf | Error: Unknown column 'metadata' in 'field list'
File: 37WOUPCWLZGR4AFDBNNHKUHNTVLYXVLD.pdf | Error: Unknown column 'metadata' in 'field list'
File: 3EG2SKQ4OJ5RGGAPXC4LPRAYJJJNH2XO.pdf | Error: Unknown column 'metadata' in 'field list'
File: 3G2C6NNZ42WCE3GQ2SREVI2FQIJMQTVT.pdf | Error: Unknown column 'metadata' in 'field list'
File: 3HATKPN6TVEYUNQ6PK5MYH6VA6VX6ECE.pdf | Error: Unknown column 'metadata' in 'field list'
File: 3HYJT3CPUFRXVQSY3IJIK5ERD4XWBDUQ.pdf | Error: Unknown column 'metadata' in 'field list'
File: 3I2DH7KNN6KICUFNT6P4MKHUAPPBJD2Y.pdf | Error: Unknown column 'metadata' in 'field list'
File: 3I3G2ZKLILXKCZTX77LVBWNF5IR2ZM7E.pdf | Error: Unknown column 'metadata' in 'field list'
File: 3KF674T52XCSSWUXJN6WRXYXLXBCQI3P.pdf | Error: Unknown column 'metadata' in 'field list'
File: 3RCHLDD2YCPDNLHEV4AVKEPBYJP5UBZB.pdf | Error: Unknown column 'metadata' in 'field list'
File: 3RFOUAJS2LT6ZCT3K6C2SXFMNCJHTP5Q.pdf | Error: Unknown column 'metadata' in 'field list'
File: 3WVRGDKMXZRPVBBNRYOLXY3J3VIZROXI.pdf | Error: Unknown column 'metadata' in 'field list'
File: 3XSJWLQUWUFRCZDJZ2RLJ6KMMDBJZG4D.pdf | Error: Unknown column 'metadata' in 'field list'
File: 44PBM3B5SUUOF74NERNZAUH2PBBU5SPB.pdf | Error: Unknown column 'metadata' in 'field list'
File: 46GSXB43D2TH7HJXKW6TMVNR4RIKCUEO.pdf | Error: Unknown column 'metadata' in 'field list'
File: 46KXLWATPXX7EE6CIIN3H4KUPVN3RX75.pdf | Error: Unknown column 'metadata' in 'field list'
File: 46ZGYJDQNL2COPU447ILTCZ6EUMSQOHA.pdf | Error: Unknown column 'metadata' in 'field list'
File: 4ADSQBDDIAH74AABB7OJ4AP5ZVHU7QIF.pdf | Error: Unknown column 'metadata' in 'field list'
File: 4ANUUHOJ7LTWU4PYON2VXJMPPUGDYWPD.pdf | Error: Unknown column 'metadata' in 'field list'
File: 4C5BLCGBSAKXLBL674TCFLMNISKMFTF7.pdf | Error: Unknown column 'metadata' in 'field list'
File: 4CWINULHRRVWF33LXZE4U5EEHETC2SI6.pdf | Error: Unknown column 'metadata' in 'field list'
File: 4J72NV3NRCPTITE2IIE2CG2NMBSSLM67.pdf | Error: Unknown column 'metadata' in 'field list'
File: 4JVIYSW2MHWPE5BXGXLAXTNMHGHJFPUP.pdf | Error: Unknown column 'metadata' in 'field list'
File: 4LRW52I7I5ZTB2VO2BGAW4YQUNGJXAP2.pdf | Error: Unknown column 'metadata' in 'field list'
File: 4P4SBCDNQWWUH5CI2KLPHVFIUV54ODLT.pdf | Error: Unknown column 'metadata' in 'field list'
File: 4UCZ4AEHAQQE2MYSFOGR6GRRPKNIAFCW.pdf | Error: Unknown column 'metadata' in 'field list'
File: 4VXCOS4VUT37JP4BK425KOKWXRYTMJDO.pdf | Error: Unknown column 'metadata' in 'field list'
File: 53MPVZWCXMT55PDT4CQCJ2MN5JAKIAGV.pdf | Error: Unknown column 'metadata' in 'field list'
File: 5DRAZXKISWU5KHFNDUABKC7KUKS6IXDK.pdf | Error: Unknown column 'metadata' in 'field list'
File: 5IPJIVPM6LCPD36Z6TPNZNJQJNATZVNV.pdf | Error: Unknown column 'metadata' in 'field list'
File: 5JEF6INEQSUEH2KKAOO5NNONLBEXWTXI.pdf | Error: Unknown column 'metadata' in 'field list'
File: 5JWNPTKTIAPTHTEGVKW7WVNBDBKQMRJO.pdf | Error: Unknown column 'metadata' in 'field list'
File: 5M56W5BE4HY6J3WK2TN3HZJ6N3ZMYTJ4.pdf | Error: Unknown column 'metadata' in 'field list'
File: 5SMHFLT35YOIS6UTY6OKBZYRZSTDMG2Q.pdf | Error: Unknown column 'metadata' in 'field list'
File: 5WEKPBBWFKF47XDYW5QBC36KFVBYJFE5.pdf | Error: Unknown column 'metadata' in 'field list'
File: 5WZLEVFSNHYXSOEJSBBALIZP2REQ5BWL.pdf | Error: Unknown column 'metadata' in 'field list'
File: 5XZTPYHPVJRYA5KPITBHN5UGYNZAVSQA.pdf | Error: Unknown column 'metadata' in 'field list'
File: 65UHUSAELNKVXUYGUXKY2JQLAKWINVC2.pdf | Error: Unknown column 'metadata' in 'field list'
File: 65VH6VWWJJCZNGG3XTA7XAPZRAIOGYEV.pdf | Error: Unknown column 'metadata' in 'field list'
File: 6A2V6MYYSW4C6QUKXJX7BEGNPYKZGV6O.pdf | Error: Unknown column 'metadata' in 'field list'
File: 6AVXT3OLPGYVAG7L4CBYJHXLAXJE4V6F.pdf | Error: Unknown column 'metadata' in 'field list'
File: 6F47YISD72RZCG6OYZQCQLCYJX5E7MBK.pdf | Error: Unknown column 'metadata' in 'field list'
File: 6G5OZCK6EQTZ35IQ7FV4UW64WVMWAW4T.pdf | Error: Unknown column 'metadata' in 'field list'
File: 6MPUNFSLSFKNLOGE2I6WRELWSJOF27UK.pdf | Error: Unknown column 'metadata' in 'field list'
File: 6MVFNNKY5VH3TCVPVECRH6YBKKZQMUFA.pdf | Error: Unknown column 'metadata' in 'field list'
File: 6REZDVWAZINCN3EC63464SLUVI2QJHJW.pdf | Error: Unknown column 'metadata' in 'field list'
File: 6RWOLVNDX4CTI4PAGDGMWC3FFBTVW3TK.pdf | Error: Unknown column 'metadata' in 'field list'
File: 6RZXET5EGN7QMGM5PROIXJI447YTCETZ.pdf | Error: Unknown column 'metadata' in 'field list'
File: 6S4BF3BBWSDF2EUWMDVBVAAUUCVOCTVP.pdf | Error: Unknown column 'metadata' in 'field list'
File: 74JU6CDDK5QMBF2HTCNUWTUTJZJONVWI.pdf | Error: Unknown column 'metadata' in 'field list'
File: 76P47DRTKG4I3M56ZPDSWTVW4AC37RWI.pdf | Error: Unknown column 'metadata' in 'field list'
File: 7A3MBRLFC6OU5KGMFIDEQPUOQTROBYUS.pdf | Error: Unknown column 'metadata' in 'field list'
File: 7AOKCH7TMDCIAHWMUUSKUZBGPH3T5P5N.pdf | Error: Unknown column 'metadata' in 'field list'
File: 7CIFOV7XZXS6EHUFYZF6H3NCN637PI2M.pdf | Error: Unknown column 'metadata' in 'field list'
File: 7GB7EXTYK2SHE3R3CBCOYKLOQT4CMEAF.pdf | Error: Unknown column 'metadata' in 'field list'
File: 7ID44TA4ZPWEYUNNLNWPGUFJWDYENEDY.pdf | Error: Unknown column 'metadata' in 'field list'
File: 7IYBO6EFOFMF4ETCCIZYJEGPTBQY3EE5.pdf | Error: Unknown column 'metadata' in 'field list'
File: 7QX6IKZ22UTQYM2ZQVUU64G4ZKYSDE2R.pdf | Error: Unknown column 'metadata' in 'field list'
File: 7VDYUYI25N4D4JRD7SKH4HJVX7GYRRFJ.pdf | Error: Unknown column 'metadata' in 'field list'
File: A5PO2R5VRU5CSRP4JRS5SZNUTAD7P3HA.pdf | Error: Unknown column 'metadata' in 'field list'
File: A6DZXB7GJCZULMSWOVPHR6WR6FRXNRAN.pdf | Error: Unknown column 'metadata' in 'field list'
File: AA7LE5CV3O4PNQJPJXH2W6ML2O44A2ET.pdf | Error: Unknown column 'metadata' in 'field list'
File: AB2LVVUR7Q4T7O5QDSUALJSM5UMJH2HT.pdf | Error: Unknown column 'metadata' in 'field list'
File: AEJC2MUHWWSV5JKM6Q34CUY7QK4LVHP7.pdf | Error: Unknown column 'metadata' in 'field list'
File: AFY6ATO2NPPVGZIG5SWMYZ7QGSGWRPGZ.pdf | Error: Unknown column 'metadata' in 'field list'
File: AG62TAHBIVHRPIZC4SJHTXWHNFOKTYL5.pdf | Error: Unknown column 'metadata' in 'field list'
File: AJUCXMX47JIFDGYJLPX5YLA7W3N4IXSV.pdf | Error: Unknown column 'metadata' in 'field list'
File: AJXUPPG2S5WLMN76I434ABJTFQFTSFSO.pdf | Error: Unknown column 'metadata' in 'field list'
File: AKT2VCFHNFNLCVYCCSPWNM2TX2C2PGID.pdf | Error: Unknown column 'metadata' in 'field list'
File: ALQMFHOFCDKV7HIO2VGHCM3ZDDVVZPBW.pdf | Error: Unknown column 'metadata' in 'field list'
File: AOHFJXCVNQCUJ22WM7SFTERIBYRNUKQ3.pdf | Error: Unknown column 'metadata' in 'field list'
File: AOSZGPMOO45NZWZW33KQ6GJTNMFZREWT.pdf | Error: Unknown column 'metadata' in 'field list'
File: AOZ2LBQOYCC5F3KFBN3FUGN2FODM6DCU.pdf | Error: Unknown column 'metadata' in 'field list'
File: APSZJI6LK7RTS54T7IXF4JHQFEOPNCCZ.pdf | Error: Unknown column 'metadata' in 'field list'
File: AVFIBOSLNYG5BBP2JOV3MOBAFZDYN7DP.pdf | Error: Unknown column 'metadata' in 'field list'
File: B3LIWULH323OKSAJATTM7QK5O7KKYMCA.pdf | Error: Unknown column 'metadata' in 'field list'
File: B4BDQGQ5WNDFTCQP46PNPZW2DUJ56GJH.pdf | Error: Unknown column 'metadata' in 'field list'
File: B5KPJCA2OHJFRE4CRZV6E2O7OQMTIU2M.pdf | Error: Unknown column 'metadata' in 'field list'
File: B5PCEYSOV53475ZZQE7OPLN4FUVDRC7Y.pdf | Error: Unknown column 'metadata' in 'field list'
File: BKDEEPDFQCNSHDSJKAW6JR2BO27KEZ3Q.pdf | Error: Unknown column 'metadata' in 'field list'
File: BKWDR4PBS4CBB6SJ7JBXHZZ6HTNIVYXW.pdf | Error: Unknown column 'metadata' in 'field list'
File: BO22JMPQ7C2FRODUK35FIODAQMDOCY6B.pdf | Error: Unknown column 'metadata' in 'field list'
File: BUDP7F2VA32OORAA4TZ5OYZRYYLZGMDK.pdf | Error: Unknown column 'metadata' in 'field list'
File: BUOCBC3OD52VNUONIT3IABQGK3JDIXB4.pdf | Error: Unknown column 'metadata' in 'field list'
File: BYAGGYJAJF54MOS44JDLAZJZ2CJNQXNH.pdf | Error: Unknown column 'metadata' in 'field list'
File: BYVMYNJSMFL7V7VYYCQ566SBR2HTWF5C.pdf | Error: Unknown column 'metadata' in 'field list'
File: BZO3QEJ3CE2OQFGHA7ZD3CDOWHI543UM.pdf | Error: Unknown column 'metadata' in 'field list'
File: C4C7ZVBASMN3KJOSFYD7Z6OSJZ2VL6SO.pdf | Error: Unknown column 'metadata' in 'field list'
File: C4NPAEIY6FLWJW4OYOXHQQPAARYGSVFG.pdf | Error: Unknown column 'metadata' in 'field list'
File: CAFPBUU24YDNMKG5ULIDXRBNI6NUPVF2.pdf | Error: Unknown column 'metadata' in 'field list'
File: CEANMN5G6I4ISNFSTYEX44YCLQ52GWCV.pdf | Error: Unknown column 'metadata' in 'field list'
File: CIVXOLLIUSCCM6HCT63TQ4R4563YJHRL.pdf | Error: Unknown column 'metadata' in 'field list'
File: CKD4X5XXEK26KQJPNUYC5BAHHHH2RNME.pdf | Error: Unknown column 'metadata' in 'field list'
File: CPQ3LPSTBRDPAQHGNDKS2SHAB3JLT2MG.pdf | Error: Unknown column 'metadata' in 'field list'
File: CS7K5VMMTMSYHTHKLFYD7QC7EFIEPHKX.pdf | Error: Unknown column 'metadata' in 'field list'
File: CTCGFUXUY5OISRT3B3UIQKMWPXEVKAUU.pdf | Error: Unknown column 'metadata' in 'field list'
File: CUF7M7BNFDH3UZPGBG55JYJHN4LVA3CP.pdf | Error: Unknown column 'metadata' in 'field list'
File: CUHGX5XRCG2IOBFKZJO73RCWRBGZTE3J.pdf | Error: Unknown column 'metadata' in 'field list'
File: CVDOWLIOUVHDH3SRWHZALMVDPATFQGVR.pdf | Error: Unknown column 'metadata' in 'field list'
File: CZOP2ITFIK5GAH4SD3GJI755X7QFUHM3.pdf | Error: Unknown column 'metadata' in 'field list'
File: D2QRZ66KOQHV23ZCW3XLS27YON4ATGCT.pdf | Error: Unknown column 'metadata' in 'field list'
File: D4FEEQXJJDKXQ2NSXGTBKS64QRHHP65I.pdf | Error: Unknown column 'metadata' in 'field list'
File: DAMU2TVQKZEDZ6ZJN7NZBERHFU6I6ZZG.pdf | Error: Unknown column 'metadata' in 'field list'
File: DC6ISE73FTS3CSZYA7GWOAXRDY7WRE75.pdf | Error: Unknown column 'metadata' in 'field list'
File: DG45DWPFVSPLLJLFUHTJUGTYNSX7WEMF.pdf | Error: Unknown column 'metadata' in 'field list'
File: DOKB26RKCSAF5APEDPO4JYXMHMUCLPRI.pdf | Error: Unknown column 'metadata' in 'field list'
File: DOPBKNWBER76WVPP654XCUJGCQEGSOZY.pdf | Error: Unknown column 'metadata' in 'field list'
File: DQSGXNBZHHZWC6653JA34RT56TTUZ6W5.pdf | Error: Unknown column 'metadata' in 'field list'
File: DR2YP7NU7CR3XVU26T53RUKCUZ35HV5B.pdf | Error: Unknown column 'metadata' in 'field list'
File: DROYHKJATHTGQRNXG6PEDVKVXILMNNET.pdf | Error: Unknown column 'metadata' in 'field list'
File: DT6DEEFX7TAPKGTNNF5C4FOJQQ3QLCQV.pdf | Error: Unknown column 'metadata' in 'field list'
File: DTUUL6SJCKWTMKUHW4EBFNTNIZCMIM2H.pdf | Error: Unknown column 'metadata' in 'field list'
File: DVKZAQ3CUXGDY2H4OVKPJHXM4IDHXP4M.pdf | Error: Unknown column 'metadata' in 'field list'
File: DY5LZQ4GNWFFHGFEMU7C565YTWYVC5SB.pdf | Error: Unknown column 'metadata' in 'field list'
File: DY75VBIKWAL76NRMMVFOYFQ52DB77TEI.pdf | Error: Unknown column 'metadata' in 'field list'
File: E7O4MCIJGJKJSZ2G3ID2HPJMHKKQESON.pdf | Error: Unknown column 'metadata' in 'field list'
File: EB3A6TOVFRNEROHIMEIZF55MYVF3CAP5.pdf | Error: Unknown column 'metadata' in 'field list'
File: EB5EKLJTJ5IL53O7YP2A2VW7APCINGBK.pdf | Error: Unknown column 'metadata' in 'field list'
File: ECD5ZBDO5DNK52KCE74RPTT5UDFMOIW4.pdf | Error: Unknown column 'metadata' in 'field list'
File: EIR7WZL6LLXE7N7TX5ZY4QKXPPZEISPQ.pdf | Error: Unknown column 'metadata' in 'field list'
File: EJG5HX3GR5KU4XBCF3L6VM6ZQGPEMYP6.pdf | Error: Unknown column 'metadata' in 'field list'
File: EKWVDOMQ3BRDHPPTHV47A37AY2NUS7XK.pdf | Error: Unknown column 'metadata' in 'field list'
File: EKYCT6JDYSVHCFQPJSCTM7VEB5GEUPWR.pdf | Error: Unknown column 'metadata' in 'field list'
File: EMMM5FRYBCPVBLVU4RY6OFEKZFWM2KIJ.pdf | Error: Unknown column 'metadata' in 'field list'
File: EMV5G7QIUVFMF7PMONNAT7IGWSTPHLQO.pdf | Error: Unknown column 'metadata' in 'field list'
File: ENYGA5NQD5Q33QKGXONUBLQS7FJMLO6N.pdf | Error: Unknown column 'metadata' in 'field list'
File: EQDIZLFPMDEBKUMF53WGJTJNZCBWBPPH.pdf | Error: Unknown column 'metadata' in 'field list'
File: ESIAEQENN4LMSOASECP7GLHB4TQ6IDPB.pdf | Error: Unknown column 'metadata' in 'field list'
File: EVWZKEBEBK3TDSK3VC4AHQKSNXD6FBWI.pdf | Error: Unknown column 'metadata' in 'field list'
File: EZCGBU5BSAHPIJIBP3AKOZX7WYPWQXTE.pdf | Error: Unknown column 'metadata' in 'field list'
File: F3LOYTH6FFFHPUX656OVEEXNYRIFFWYQ.pdf | Error: Unknown column 'metadata' in 'field list'
File: F4W34PLIHPDTMPAVT42EVI6EOISWUJ2C.pdf | Error: Unknown column 'metadata' in 'field list'
File: FGQNTPYB75NQ2BY4HIIFBTVHYQBOX44W.pdf | Error: Unknown column 'metadata' in 'field list'
File: FGZMCFJCVNCWGNVLKUGB27JTHYPUFTIA.pdf | Error: Unknown column 'metadata' in 'field list'
File: FHODZ536VRZSXNKLBKFISFM4BYJY5MA6.pdf | Error: Unknown column 'metadata' in 'field list'
File: FKGR2WSW2JVE5A3UJMB3CDZANY52D52I.pdf | Error: Unknown column 'metadata' in 'field list'
File: FPX7XMI7AP2GAD23QJNSAKAGCRPSZKTD.pdf | Error: Unknown column 'metadata' in 'field list'
File: FWVM2CX6UZ6CPTNRTPSAUCGZ72UZJAAP.pdf | Error: Unknown column 'metadata' in 'field list'
File: G55L6N2GWXAO25ORSIBERRGSISMUNVKC.pdf | Error: Unknown column 'metadata' in 'field list'
File: G5C3CM7DIONQOEWTYFPP3UJEWODLVHPN.pdf | Error: Unknown column 'metadata' in 'field list'
File: GF4OGED6DIFR5WHABHTLSTFV7656GKN3.pdf | Error: Unknown column 'metadata' in 'field list'
File: GGYFXPMKQD267PXVZ3L2TK46IIHHSV7V.pdf | Error: Unknown column 'metadata' in 'field list'
File: GKIGKIVD24PQYBUWILRPW2PXFZK3T363.pdf | Error: Unknown column 'metadata' in 'field list'
File: GKKRL4WDTHIXSKURLLCSPTOJSAOWF64Z.pdf | Error: Unknown column 'metadata' in 'field list'
File: GKMDOS7GQ75PJC46U3R2ZWAAEMZH3T66.pdf | Error: Unknown column 'metadata' in 'field list'
File: GLXEDNT3LDSIPA6BGJGFIUEXOBO4NRDE.pdf | Error: Unknown column 'metadata' in 'field list'
File: GS5DOB2Q5E234R3L6T4MXMRGJQFXVY7L.pdf | Error: Unknown column 'metadata' in 'field list'
File: GTB3EZFGUHRQV757YXZIRJW4C6CCYGJT.pdf | Error: Unknown column 'metadata' in 'field list'
File: GVQFFTBHO2WYEON7YRSWGOKKT4BFLY3P.pdf | Error: Unknown column 'metadata' in 'field list'
File: GXN6NIJAPDVKETP2WCAL523Z6OESGKDD.pdf | Error: Unknown column 'metadata' in 'field list'
File: GZ62LWSF6OMAXHC5VDCOYD53D7GSE2HO.pdf | Error: Unknown column 'metadata' in 'field list'
File: H65TKD4D2Z32SZHRLYLOHIMM25T4C5S3.pdf | Error: Unknown column 'metadata' in 'field list'
File: H6UM4PXSLMCY7AB5NGMZ2UJHGA4FSMYI.pdf | Error: Unknown column 'metadata' in 'field list'
File: H75CHMEGQV5GB7Y4YQS4OYSBCPHUFFBY.pdf | Error: Unknown column 'metadata' in 'field list'
File: H7U4KMXPQKUBDKIPQQRC6ETJZEZR3OCZ.pdf | Error: Unknown column 'metadata' in 'field list'
File: HCHQUVOOEBJYJX23WCEMGGC2WVXF2F3G.pdf | Error: Unknown column 'metadata' in 'field list'
File: HCPCI34AEBKDUFDP442OTOL2AUGIG3BJ.pdf | Error: Unknown column 'metadata' in 'field list'
File: HE2GQLBH2WBUUJKRBNZCYY5QZWTVCY35.pdf | Error: Unknown column 'metadata' in 'field list'
File: HGJIJLL3ZVEO2ISTFZSKH53BIC2K3UYX.pdf | Error: Unknown column 'metadata' in 'field list'
File: HH5OITTKV27JDKG7CZ3U2VNDB4VFEWWQ.pdf | Error: Unknown column 'metadata' in 'field list'
File: HLU6GY5HJLJF4AYSMOXUB6K324KXZBZM.pdf | Error: Unknown column 'metadata' in 'field list'
File: HMYPEMBWIZMDVVYG6NEUNDFWGI2QTKYK.pdf | Error: Unknown column 'metadata' in 'field list'
File: HQ3EDBUQ55MJVAAWB3KE7VYWLHAOXKRI.pdf | Error: Unknown column 'metadata' in 'field list'
File: HTWW3AUIV4LKXIRLIDXBWQG76WEUG26H.pdf | Error: Unknown column 'metadata' in 'field list'
File: HWWJCHPYGVP2VEQLTYB3Q2EQABOTUJ3U.pdf | Error: Unknown column 'metadata' in 'field list'
File: I74UK7CA3VD36AJLDMBKXZHMRBRV6KNF.pdf | Error: Unknown column 'metadata' in 'field list'
File: IM4QZDPPO5PUG5SPN2VFLKQDDK5RT3BU.pdf | Error: Unknown column 'metadata' in 'field list'
File: IMCWQGTX5ERM655QS3VKX5ED2QZEZAKE.pdf | Error: Unknown column 'metadata' in 'field list'
File: IMJ4MPPYAOJ3IK6EEI3IDHS4IKZ5WFXT.pdf | Error: Unknown column 'metadata' in 'field list'
File: ISNVO7SIHHW237IDLQ73PZNSSUSTZ6R7.pdf | Error: Unknown column 'metadata' in 'field list'
File: IX44BHQ54BCVRSA6XB3KC2WWUCYZINYZ.pdf | Error: Unknown column 'metadata' in 'field list'
File: IYUNRQPMTREBOTPIQVJVWLOXDYVFY7PH.pdf | Error: Unknown column 'metadata' in 'field list'
File: J4I447QIORVBVIFCBZ5GIOKV7MPWYRXU.pdf | Error: Unknown column 'metadata' in 'field list'
File: J6KG3WLCIJ3FRU6V6N7LLHD46F2CBEWE.pdf | Error: Unknown column 'metadata' in 'field list'
File: JFUKR5IZBGDNDWX75DHLDWK323RQOXPB.pdf | Error: Unknown column 'metadata' in 'field list'
File: JI27U7TQTGCH2WWIVTO3GRUAQ2AGBBDH.pdf | Error: Unknown column 'metadata' in 'field list'
File: JI5Z62HRPJND3ZBBOJN55D4V7NZNHOA6.pdf | Error: Unknown column 'metadata' in 'field list'
File: JK2YPIFXKSDZRYNRSQVRHZWJNANASI6J.pdf | Error: Unknown column 'metadata' in 'field list'
File: JOCCBCF2SXDQXCYRG5ADWVKHHNJ4GDQC.pdf | Error: Unknown column 'metadata' in 'field list'
File: JW44PKSPRUHPMGLASPIT273NOJ5EOU7X.pdf | Error: Unknown column 'metadata' in 'field list'
File: JWYVYMU6FQRTYIQZNWUQRD3YV33OZTYE.pdf | Error: Unknown column 'metadata' in 'field list'
File: JX4QV4DIXVXTDI737KSBDD7U3WHIGNWL.pdf | Error: Unknown column 'metadata' in 'field list'
File: JXE4W4MUU66ZFEDIYZUFDLK4F5NZOPYZ.pdf | Error: Unknown column 'metadata' in 'field list'
File: JXM2RAH5DJSVW2XCEGXVMU2PFPC4J3P4.pdf | Error: Unknown column 'metadata' in 'field list'
File: KA545DH3SDEIKBX5MLR7QZVYWYBKBGLV.pdf | Error: Unknown column 'metadata' in 'field list'
File: KAI53AEUTC4X3GRV6WZDEZUWVEYPTPPU.pdf | Error: Unknown column 'metadata' in 'field list'
File: KBEV4F2NJWE2NHI6CMYRY5GAXEJ3N7QD.pdf | Error: Unknown column 'metadata' in 'field list'
File: KDLB3IO7SCHXPEJZJYXLBWTX2MTEUOS6.pdf | Error: Unknown column 'metadata' in 'field list'
File: KEAHFYXS23DKDX43I4DYM6LBJD6H6FMP.pdf | Error: Unknown column 'metadata' in 'field list'
File: KEBLLGBMZREVDB7T2U5TCKFY3JLVKR4O.pdf | Error: Unknown column 'metadata' in 'field list'
File: KHFVIIN7BUD6WPBAO3FNRJXTCS5FVIOK.pdf | Error: Unknown column 'metadata' in 'field list'
File: KJJGH37ZCWZ4JWRQ46LKRMLAD7AZZUQX.pdf | Error: Unknown column 'metadata' in 'field list'
File: KJRNBHQZEAPZL7FXVKBGPEN45LKGPLGM.pdf | Error: Unknown column 'metadata' in 'field list'
File: KKUB224LBBU5Q6QF3I52V7NM5BFDXKMA.pdf | Error: Unknown column 'metadata' in 'field list'
File: KL6VJRI6EUVHA6S4QIIZ76GT5VIPPD5Y.pdf | Error: Unknown column 'metadata' in 'field list'
File: KMUKXIW52KNJ3JJJ2LO5QOW2G6FTJ45W.pdf | Error: Unknown column 'metadata' in 'field list'
File: KNB57BFSJINB7DC3WJQ452LPY5C7L7UL.pdf | Error: Unknown column 'metadata' in 'field list'
File: KO7GGF3RMJJSMBTJWM7BCRBQ4UJJ26VL.pdf | Error: Unknown column 'metadata' in 'field list'
File: KOIY3K7K4LNEPAQQ2YXCAW2KS4TYUSBR.pdf | Error: Unknown column 'metadata' in 'field list'
File: KOT4LTFQIWYAYXDMPX6R7HOJ2VK4RRFN.pdf | Error: Unknown column 'metadata' in 'field list'
File: KTCXROTYIAYW34ZFMVAKRU5FQFD3D7XQ.pdf | Error: Unknown column 'metadata' in 'field list'
File: KUHZYBRS6BEYSNUBQ3WGCKIFFDWLBVLM.pdf | Error: Unknown column 'metadata' in 'field list'
File: KV5Z5OWVEYBYAPKWADO2QJVXEMZKZTJR.pdf | Error: Unknown column 'metadata' in 'field list'
File: KWPQYSUTIEVQHMZBL2UDE4OKV53YYSG3.pdf | Error: Unknown column 'metadata' in 'field list'
File: KYL4ATEPT72QYDBMYMCWXM2N7EJA2DMS.pdf | Error: Unknown column 'metadata' in 'field list'
File: L25T3UJ2GCRQ5HZHAEKUSBDG3PSJV3CX.pdf | Error: Unknown column 'metadata' in 'field list'
File: L4EMZQ6EPUAWG2XOMWGBHS4OSPSTVZQJ.pdf | Error: Unknown column 'metadata' in 'field list'
File: LCFQJGJLCOJ56B3YM3XIPRJ7DFUQPTDG.pdf | Error: Unknown column 'metadata' in 'field list'
File: LFGBSD5XRLBIZCRBVWTKQPP2JEVRWRRS.pdf | Error: Unknown column 'metadata' in 'field list'
File: LG7ANCL4BE4CFH6R7XGVRWAQANBXXXBD.pdf | Error: Unknown column 'metadata' in 'field list'
File: LUNHY35RQQVKLPEN2LP52XDOP3KFLWRO.pdf | Error: Unknown column 'metadata' in 'field list'
File: LV5NL6NL4B32T7LS4ZJDIPLYV2ACNZ5T.pdf | Error: Unknown column 'metadata' in 'field list'
File: LXW732IC7XIG4SH67A3LN3OF3LUOAWIV.pdf | Error: Unknown column 'metadata' in 'field list'
File: LYCCADK4R374ZC4R4ROO5VZSQLHW4RPQ.pdf | Error: Unknown column 'metadata' in 'field list'
File: M3UMH7U2AYMM6ZLJQSJII5NKQYFUTUFO.pdf | Error: Unknown column 'metadata' in 'field list'
File: M6C6DEQ5LEULRCOK2LEADJ3AX3522H3E.pdf | Error: Unknown column 'metadata' in 'field list'
File: MATLAIUSZNV6ECCAMZDMMLBOVYOJ7LEX.pdf | Error: Unknown column 'metadata' in 'field list'
File: MCE7YVRKTXPMRN7DYB25B22RCFFLLHOE.pdf | Error: Unknown column 'metadata' in 'field list'
File: MDWBAX6CXSTHPF6GJ7XEWLH2YBTBGR46.pdf | Error: Unknown column 'metadata' in 'field list'
File: MFDBEUJHJSM7EYXX7SA6GULFWNIDHE5Q.pdf | Error: Unknown column 'metadata' in 'field list'
File: MFNO2BYJHXTRPUIULKNEVUF2VD5XMVY3.pdf | Error: Unknown column 'metadata' in 'field list'
File: MILX4ZNQNYZNUWXL5SKQBFS2TJFYYSGU.pdf | Error: Unknown column 'metadata' in 'field list'
File: MLTHHOQT47LRXDG7YYRMF2QXDUPSXSF4.pdf | Error: Unknown column 'metadata' in 'field list'
File: MM3LE7UZACMNXBDXA5FM6MTGBLZG7N4W.pdf | Error: Unknown column 'metadata' in 'field list'
File: MMSNF4WV7XLHQFKEQYKHHH7GJPPQJQ7U.pdf | Error: Unknown column 'metadata' in 'field list'
File: MNMNOYBE6LSE2QDETWHNV3TQWBUOYADX.pdf | Error: Unknown column 'metadata' in 'field list'
File: MPKQ6XRS277ZF7HM3DLVBQZUYBG35GWC.pdf | Error: Unknown column 'metadata' in 'field list'
File: MRHH3GUV6VPV3RNA7LYJSLK4UGA4QI7Y.pdf | Error: Unknown column 'metadata' in 'field list'
File: MVB3NUAZBLEVULOZQYWDXHOLA46NEJXI.pdf | Error: Unknown column 'metadata' in 'field list'
File: NIHJBZJN6CKQUFWO67737BIBQUECGZYM.pdf | Error: Unknown column 'metadata' in 'field list'
File: NJU4VYU6LDS4YYXY3GLMO3V43KZZONNF.pdf | Error: Unknown column 'metadata' in 'field list'
File: NKJZFXDHGHWNNHGULXM5PSPE7GWWUTR2.pdf | Error: Unknown column 'metadata' in 'field list'
File: NLQ2FSPOQDRVBINYEXFQNKEGS65YPQ7P.pdf | Error: Unknown column 'metadata' in 'field list'
File: O4BQRWPCNHJGJHA76LLVENRVKSDRAWSR.pdf | Error: Unknown column 'metadata' in 'field list'
File: O4Z3IEED7ROYYCKDRARK2BBHSZGR4M5Y.pdf | Error: Unknown column 'metadata' in 'field list'
File: O5D34KMZVR5GAJPGEGG4LGZ547SRHJJC.pdf | Error: Unknown column 'metadata' in 'field list'
File: O7N4FHZJHLMQ5QI2XPMYC2MSSNJ6DCNT.pdf | Error: Unknown column 'metadata' in 'field list'
File: OB54TYALNJNUFASVPJ6FQ4ZJGVQ2FJMM.pdf | Error: Unknown column 'metadata' in 'field list'
File: OB5K37VVGHIEXSQPWFJBU7NZA5OEKAOO.pdf | Error: Unknown column 'metadata' in 'field list'
File: OBI2XUM4RBMFJ5BZBOISYPRMFKGAFNLW.pdf | Error: Unknown column 'metadata' in 'field list'
File: OHTNKYOXYDGU2LJ65NZHLLFUCLSNEGNU.pdf | Error: Unknown column 'metadata' in 'field list'
File: OJNJPL3PVEAAOXUZYPVWAOI2GKPJ7YLF.pdf | Error: Unknown column 'metadata' in 'field list'
File: ON2LIHQQ5QFF6JIQGMUDF7ALYUDKTTV6.pdf | Error: Unknown column 'metadata' in 'field list'
File: OOCZ65LSQNV54SSBIQ5C2LVLOZNKUXH3.pdf | Error: Unknown column 'metadata' in 'field list'
File: OQCH5BPQO3G64HZOGOJKA26NQ23FAXD2.pdf | Error: Unknown column 'metadata' in 'field list'
File: OW26QBLLEQRZH5PWHLAQGVI427SWTZUM.pdf | Error: Unknown column 'metadata' in 'field list'
File: OZLL6FV4YWFVZBLEIGEFCANTYYKW7U57.pdf | Error: Unknown column 'metadata' in 'field list'
File: P27OC5LB5CYK7PNMUUFAMXEQ3THDTNJ4.pdf | Error: Unknown column 'metadata' in 'field list'
File: P75PT46UN56V2ZSIQXVOXK4ILE4ZLOSZ.pdf | Error: Unknown column 'metadata' in 'field list'
File: P7DVSVWUBQCLK3SEIMRSDBZWVGH3MKC5.pdf | Error: Unknown column 'metadata' in 'field list'
File: PFYC6E5GGQLD2ON3WMS63OO5DERTOC5G.pdf | Error: Unknown column 'metadata' in 'field list'
File: PGJA7RZXFYTWRTYHWLSDEJFR2OKNYIP6.pdf | Error: Unknown column 'metadata' in 'field list'
File: PHK242FKQAITIVOOF6EBPHOM52QEYIKJ.pdf | Error: Unknown column 'metadata' in 'field list'
File: PKHUWRXW2J4OR3XS2FZVM57DYSAOZG74.pdf | Error: Unknown column 'metadata' in 'field list'
File: PLOHNC5FBG7GG7BN7IZ5TLOLYMGRDOY6.pdf | Error: Unknown column 'metadata' in 'field list'
File: PM77VVIRKCVEFG6KFQWCC5LHTB5BY5FD.pdf | Error: Unknown column 'metadata' in 'field list'
File: POX3CR2EUHMC7IPGDNEHNTQOAV2ZQLHR.pdf | Error: Unknown column 'metadata' in 'field list'
File: PYTDN333IKHN3QCZW6AJ2ASF6NEQCVJ6.pdf | Error: Unknown column 'metadata' in 'field list'
File: QCZLJRXUA3KIQPMRQ4LSGYCNVTIK6PG4.pdf | Error: Unknown column 'metadata' in 'field list'
File: QDT4ROBASSEPQJ22EDUO3HLP3NB2IIBC.pdf | Error: Unknown column 'metadata' in 'field list'
File: QDXB4QXFTS2ZBLD4UC23EGQ4SGJITFII.pdf | Error: Unknown column 'metadata' in 'field list'
File: QEU2VCKWPAORHZCIZZAJSMR373CNXFJH.pdf | Error: Unknown column 'metadata' in 'field list'
File: QIYEVQGJUXO4R45CCFYLL65JS6FERSNA.pdf | Error: Unknown column 'metadata' in 'field list'
File: QJRUY4FRCDHXZJT5ZAWKMADAMAQUP5R6.pdf | Error: Unknown column 'metadata' in 'field list'
File: QKMKFZHDUXL4UT3XEH7MJU4V7AUZHBGO.pdf | Error: Unknown column 'metadata' in 'field list'
File: QLBRTJBPTEPSW266VK6E34FMP47KXTDL.pdf | Error: Unknown column 'metadata' in 'field list'
File: QMDDA7F5HSPSBPI6M7DBNZAAZLCR36E4.pdf | Error: Unknown column 'metadata' in 'field list'
File: QNUOKFLA7NUJSOJ63IZBGJYX2EUW7JI3.pdf | Error: Unknown column 'metadata' in 'field list'
File: QSPE3BHAI3DOO552RNZ5WXPJVIWAZ4LT.pdf | Error: Unknown column 'metadata' in 'field list'
File: QU4F5C3GPRUAV463D7PN5NXHKFCWJETA.pdf | Error: Unknown column 'metadata' in 'field list'
File: R2XUGBKZ2QR5A43XN4ZA4PJ7NADJ4KWE.pdf | Error: Unknown column 'metadata' in 'field list'
File: R345PQR6366VJ25LZJUWVIWDKKLEDPUY.pdf | Error: Unknown column 'metadata' in 'field list'
File: R46ZZRYMTYTEE6CKIBOGNNGSMZ3GD5E2.pdf | Error: Unknown column 'metadata' in 'field list'
File: R5O7UJD4YJERUYUP6XKJR6SA6ZJRA4AG.pdf | Error: Unknown column 'metadata' in 'field list'
File: RBQS77ZEQXZZN5PHJPGI4PI4XB3ANVBB.pdf | Error: Unknown column 'metadata' in 'field list'
File: RH7T2UORLNLLG7HRFR3HL7W572F5S6YY.pdf | Error: Unknown column 'metadata' in 'field list'
File: RHW47KIVYBR2WPS44NNXESVQHKWOOXXD.pdf | Error: Unknown column 'metadata' in 'field list'
File: RI2EFC7G35NUUXG5XEXZL7S2JTPG25NY.pdf | Error: Unknown column 'metadata' in 'field list'
File: RI6NFCCK3DM3HB3ZU7OJTGVRX2YSD3LB.pdf | Error: Unknown column 'metadata' in 'field list'
File: ROFAK5ST6GGKDWOVZ4YC6QI5GYOJBO4I.pdf | Error: Unknown column 'metadata' in 'field list'
File: ROKL4YZJZ5THXZULOIWSNKWSB4ZTWZV5.pdf | Error: Unknown column 'metadata' in 'field list'
File: RRANJ75ZAZCFUGZ32P2DOPAJJRK7L3EG.pdf | Error: Unknown column 'metadata' in 'field list'
File: RSP7OUPOJR4TSQPR3LUL7HRIU73MENRV.pdf | Error: Unknown column 'metadata' in 'field list'
File: RUL7FW772XCJNPOZ34TKKQD3THLBCHH7.pdf | Error: Unknown column 'metadata' in 'field list'
File: RUW5HYZIHK3VYBQE2PL4OZ3KT2S2SPVO.pdf | Error: Unknown column 'metadata' in 'field list'
File: RXIDHLTDVIBR4P4WOFXTJSSV6A3K5GTZ.pdf | Error: Unknown column 'metadata' in 'field list'
File: S2UVWECYPR7LVAESLI2OMTZOVVDIEP2S.pdf | Error: Unknown column 'metadata' in 'field list'
File: S3I3API6I4IWOFIMIOVLVJEE3XHPEYBG.pdf | Error: Unknown column 'metadata' in 'field list'
File: S5CJJFU7S3CL63MXIJRZOOFWZEMRLAA4.pdf | Error: Unknown column 'metadata' in 'field list'
File: S7IWO47XLGTHHIZJJ5GYT5I4BGLPVL32.pdf | Error: Unknown column 'metadata' in 'field list'
File: SA3EKMNRN4KHJYVMDDBOUIQTZIV3ZVJH.pdf | Error: Unknown column 'metadata' in 'field list'
File: SCOEDSFG5RRJWEVGHSI3WOE3YPDSBVKA.pdf | Error: Unknown column 'metadata' in 'field list'
File: SCXLRF5DK4NDSP4RXGJFZJMY5D6BK7MY.pdf | Error: Unknown column 'metadata' in 'field list'
File: SECTG7BZB6D4FVDAZNN2DTF2GGCAMTXE.pdf | Error: Unknown column 'metadata' in 'field list'
File: SESP5SOLQQMFWGNYXPD3UCI2KCA6PHQO.pdf | Error: Unknown column 'metadata' in 'field list'
File: SG2PPB6KXHJHMFS4L6KBW7Y6CPOZGWJT.pdf | Error: Unknown column 'metadata' in 'field list'
File: SK7ZQMJBDH34FYJ6XLDWK4RANQYAYGZD.pdf | Error: Unknown column 'metadata' in 'field list'
File: SPOQ5FUVLA2ZM5ITKZRVFHCP3MGMBPEX.pdf | Error: Unknown column 'metadata' in 'field list'
File: SQLC3S4MW5EPXOWILIWFDKDOYRHJ5CK2.pdf | Error: Unknown column 'metadata' in 'field list'
File: SQZPZ43CVWYDLJLFW4PW6MK5DXPWKUKL.pdf | Error: Unknown column 'metadata' in 'field list'
File: SRBFXQ2CMPHQJYYT64FYLRHKT6XZUUIB.pdf | Error: Unknown column 'metadata' in 'field list'
File: STEAY65OT7HNT3CKODVVW6W4362CSQDJ.pdf | Error: Unknown column 'metadata' in 'field list'
File: STG36KDTBPEJTVEWCY734EISHQ5ZUVWF.pdf | Error: Unknown column 'metadata' in 'field list'
File: SUR4MPI7WKZHIFC6ZGVOWBXD6JWE76BV.pdf | Error: Unknown column 'metadata' in 'field list'
File: SXHJPFKQMVB3WUA6WOCOATLLVMBWKCCS.pdf | Error: Unknown column 'metadata' in 'field list'
File: SYBT26QCMSRHEOFZDZM4TZ5CCJ6T34MF.pdf | Error: Unknown column 'metadata' in 'field list'
File: SZYITDQYKPK6FN4ZP4NZB5QTKLZFT326.pdf | Error: Unknown column 'metadata' in 'field list'
File: T6UERWTWNYUVPT45YBOFTBSDVEH7SR2E.pdf | Error: Unknown column 'metadata' in 'field list'
File: TEEGK5AIZ426F27JXF2QAPKENCTIT2GG.pdf | Error: Unknown column 'metadata' in 'field list'
File: TH2P4VQM6BSFZ24BKZPPITXPWJVJWF7H.pdf | Error: Unknown column 'metadata' in 'field list'
File: TH7VW3EZP3WJRNKKPMJFNOEEJY5MXQ5A.pdf | Error: Unknown column 'metadata' in 'field list'
File: TLEMGWPUDGVX354P7HMCSBPERXLZWHHD.pdf | Error: Unknown column 'metadata' in 'field list'
File: TMLSWMKGDE2PLE3QSREAPVVCNK7QXPRC.pdf | Error: Unknown column 'metadata' in 'field list'
File: TNAEWETY6GEU5CQUNT74ABIGQKQEXLTU.pdf | Error: Unknown column 'metadata' in 'field list'
File: TPJL5GXHWWVZZWPULJLNK4V6MDEOHQDQ.pdf | Error: Unknown column 'metadata' in 'field list'
File: TS4MM5OXQXRQD6PMXRTRS3INCBAMAXCO.pdf | Error: Unknown column 'metadata' in 'field list'
File: TU5MAMSG2RMTDZQDKBULDLWSVH6GSYHX.pdf | Error: Unknown column 'metadata' in 'field list'
File: TX6WQ3B3MEI45HD4AGOAYJUCMI7LOSFG.pdf | Error: Unknown column 'metadata' in 'field list'
File: U23MNPFKWDU6QBI3PCJ5KCLGX3RO4LMN.pdf | Error: Unknown column 'metadata' in 'field list'
File: U36BZP574S3IQ7SGZYCFBDLL7ZYAAG6I.pdf | Error: Unknown column 'metadata' in 'field list'
File: U477BYZ62U5WAU5AK5HEDGW4FH75NBCH.pdf | Error: Unknown column 'metadata' in 'field list'
File: U4KYMMKKOPMN5E4H4J3X3L3KQ5HUY7GF.pdf | Error: Unknown column 'metadata' in 'field list'
File: U55XYWRRRDDHAJPPHG6QWKZSAVKMQ5W5.pdf | Error: Unknown column 'metadata' in 'field list'
File: U7DUK2J5PKLFHRD5VN7MWJWRF23MHANT.pdf | Error: Unknown column 'metadata' in 'field list'
File: U7OKI6X3E3WT4VGYZ3UEQHTPYGLID22Z.pdf | Error: Unknown column 'metadata' in 'field list'
File: UCIKEOE37G6VMOPEL5X4QHEPAIQP6RJ4.pdf | Error: Unknown column 'metadata' in 'field list'
File: UFTWPHWPAMA7G4B6F5SMUFNA3HU6H5UW.pdf | Error: Unknown column 'metadata' in 'field list'
File: UHWGINMX7GWQH3ZETPVR2RSLTPQVEYX6.pdf | Error: Unknown column 'metadata' in 'field list'
File: UOACIWTADOMG5C2EIMOJ5VQGHCQCBIIR.pdf | Error: Unknown column 'metadata' in 'field list'
File: UVYRVFB5BCPH4AQFJKWX2KAUBHBYJO7B.pdf | Error: Unknown column 'metadata' in 'field list'
File: UYH346BTJFOKSLYYXQBAVLVHBEJPYXZ5.pdf | Error: Unknown column 'metadata' in 'field list'
File: UZ24VCW32BGC524CZI3QWY7LKJJXZ2ZZ.pdf | Error: Unknown column 'metadata' in 'field list'
File: V5BPYCHUXYL6NY7HNB7SZHSWT7J7W6GC.pdf | Error: Unknown column 'metadata' in 'field list'
File: V7S4LR4S6BF5I3AFUOXHPTZC4RMCD6ZE.pdf | Error: Unknown column 'metadata' in 'field list'
File: VBIAQQSSCXZFKZTBZCYGIU4IJTA54DCY.pdf | Error: Unknown column 'metadata' in 'field list'
File: VC5EUPXAEEJEGF7MR4MD4FP7EYAQBMFK.pdf | Error: Unknown column 'metadata' in 'field list'
File: VDWP6Q64TMEWDW2TCZ4TGUJX44EK6E36.pdf | Error: Unknown column 'metadata' in 'field list'
File: VEXYPG46TFZM6MYGMJCVZ7WLIGRTSBAO.pdf | Error: Unknown column 'metadata' in 'field list'
File: VJRDAXENL7KN3L7MPL2ARVWNE6YOL5PU.pdf | Error: Unknown column 'metadata' in 'field list'
File: VLF7KA6JL4JZHRZRBIXSQUKFDMTF5R6Y.pdf | Error: Unknown column 'metadata' in 'field list'
File: VNZEGOMTXDKSPERNHPU3VMN43NSCVFBI.pdf | Error: Unknown column 'metadata' in 'field list'
File: VO66JSS7SABXXEGDWBGAGNCD62PQ2MAB.pdf | Error: Unknown column 'metadata' in 'field list'
File: VW5XCU675OPZSENKRKDCYOIGFKI7IJ42.pdf | Error: Unknown column 'metadata' in 'field list'
File: W6DBVMTHBXFF4YFGTJVKRJAR2LFCJRI2.pdf | Error: Unknown column 'metadata' in 'field list'
File: WDNSSVM2QPMMUUDT4YEHYDPAALFYP2O7.pdf | Error: Unknown column 'metadata' in 'field list'
File: WG4X6OKEVAXGV5SRWF2GVU7BEKZYVTK5.pdf | Error: Unknown column 'metadata' in 'field list'
File: WI2VFTXLXSXQKDIARAOUUVVHAWB2UQT2.pdf | Error: Unknown column 'metadata' in 'field list'
File: WISRMPD3QYTNVKXVWDZF36QTIOUTKZGB.pdf | Error: Unknown column 'metadata' in 'field list'
File: WIXGOEH55ET7IKPZ7WA63JSQT6HB4PJR.pdf | Error: Unknown column 'metadata' in 'field list'
File: WPFFXHWCIVIRVWBJWEFDSSTKYRIZ625W.pdf | Error: Unknown column 'metadata' in 'field list'
File: WSP5DEW3S4BVQYFWKEFDC3HDLMRK3UT2.pdf | Error: Unknown column 'metadata' in 'field list'
File: WTLBOK7EAQPHVUW75UU2AI47NS3XJ7QH.pdf | Error: Unknown column 'metadata' in 'field list'
File: WYEYQIJLZUN467X4ATTAXA2FIUYL2C3T.pdf | Error: Unknown column 'metadata' in 'field list'
File: WYIDAT7X2DXYMKGRFAXDEAA2EJF23GRQ.pdf | Error: Unknown column 'metadata' in 'field list'
File: X2IMLLFKA2Z5YVXOFI7GIBJJBOWGR5TY.pdf | Error: Unknown column 'metadata' in 'field list'
File: X2T7N7IH7E45XFYXNJH5Q3AYJU4BEC57.pdf | Error: Unknown column 'metadata' in 'field list'
File: X2TE62KGA4WZHW5FVEWCH6NZ76MUPQZ7.pdf | Error: Unknown column 'metadata' in 'field list'
File: X3TAMFMWC3XPXVVNEVQVEKRWH7NDDESN.pdf | Error: Unknown column 'metadata' in 'field list'
File: X523GQMQOO6J2IFJ534QO3V3HYITF7XF.pdf | Error: Unknown column 'metadata' in 'field list'
File: X5EXOJQVNIMMV5DVLLVVPXHKUKLC6RMK.pdf | Error: Unknown column 'metadata' in 'field list'
File: XE4PKDJKVYU47OEWXRLEWILHJHQQZURY.pdf | Error: Unknown column 'metadata' in 'field list'
File: XIUQD2OYDIFIKQY5T5AHYPEFOP4XZFS7.pdf | Error: Unknown column 'metadata' in 'field list'
File: XKCHYHXJXXWHZHTFNEIMA4IJZSXJSLLZ.pdf | Error: Unknown column 'metadata' in 'field list'
File: XMW6SGXOJREQ4QRTL4QUIV76ZB4733MN.pdf | Error: Unknown column 'metadata' in 'field list'
File: XRB6BJ4SUI4BCJFSCPSBSJZGJQGAWI2A.pdf | Error: Unknown column 'metadata' in 'field list'
File: XRYHJNEQBXETTP5HKCE5THSUVASCXEG4.pdf | Error: Unknown column 'metadata' in 'field list'
File: XUJHVZSHUO6SZ4PK733K7FVNZYTIAI6U.pdf | Error: Unknown column 'metadata' in 'field list'
File: XW2HPZBL2U4ZBDGNITQU4EKCOT7ZL362.pdf | Error: Unknown column 'metadata' in 'field list'
File: XXMOCEITLS2REBQNE745YN3E6JAODHZO.pdf | Error: Unknown column 'metadata' in 'field list'
File: XYKJN65G53ZKHHSTN4BM6WZEXSYDKAVJ.pdf | Error: Unknown column 'metadata' in 'field list'
File: XZZRO7J6EAUYML2MRAZ6Y3PH5ZHQPGIL.pdf | Error: Unknown column 'metadata' in 'field list'
File: Y2OOMETPKX3ZMEMJJYX5MHOHTIO3JVSP.pdf | Error: Unknown column 'metadata' in 'field list'
File: Y34N44UQJPD6YLGSXDZREWUIXVBPNLZH.pdf | Error: Unknown column 'metadata' in 'field list'
File: Y5P3TB77KSPOLIUMLGDQIIGE7XMVNENP.pdf | Error: Unknown column 'metadata' in 'field list'
File: YAHGIFMMSIKCA46JFMWO52HZ7YSVKKIL.pdf | Error: Unknown column 'metadata' in 'field list'
File: YBADYKBNS5RN7M3CAMP75XV6Y2DQH2U6.pdf | Error: Unknown column 'metadata' in 'field list'
File: YCENQ63SSTK57JODMEMYLIL2VE73QSQH.pdf | Error: Unknown column 'metadata' in 'field list'
File: YCFQUUS35NVOW5GBRHUQLBG5Z6WV7CL4.pdf | Error: Unknown column 'metadata' in 'field list'
File: YE54VY55FNS7H3IOPRHQYVOD2RJJW3DT.pdf | Error: Unknown column 'metadata' in 'field list'
File: YEFBTIMFZUJ5QQSKCQ4LHUMSFR6KUQNO.pdf | Error: Unknown column 'metadata' in 'field list'
File: YFSVOALMVRC2URFKF2QD22YBH4PVS3BG.pdf | Error: Unknown column 'metadata' in 'field list'
File: YIP65EJXPWIYWFTBYZWYMPFEVV43FAV3.pdf | Error: Unknown column 'metadata' in 'field list'
File: YPNQXE4XMRDK6YTLK3B44PDTF4TYHBNY.pdf | Error: Unknown column 'metadata' in 'field list'
File: YQY6Q5J2VJISODMWOY4RTLVPDNNJABCT.pdf | Error: Unknown column 'metadata' in 'field list'
File: YQZG4CHDFUMUUDUEO2IY3GSWB4YCIKJI.pdf | Error: Unknown column 'metadata' in 'field list'
File: YSFDRVDRV6XMSNVXRD4KM266EUJZWMYZ.pdf | Error: Unknown column 'metadata' in 'field list'
File: YV3RJXNXP6ZR6V2SSVVQJWYAHBZSZ3GQ.pdf | Error: Unknown column 'metadata' in 'field list'
File: Z2PBT7PYLNZKSJS4W7IDRXYXK55Y62YZ.pdf | Error: Unknown column 'metadata' in 'field list'
File: Z42OE7PSGVKK54B3J2LWZ4THMYJIJHGJ.pdf | Error: Unknown column 'metadata' in 'field list'
File: ZAIRYEDJ6SHNYMBVPJMCBULE2HL7HMRV.pdf | Error: Unknown column 'metadata' in 'field list'
File: ZBOY7WHWU4JUMTIM2RO2TCO5VONTYYE4.pdf | Error: Unknown column 'metadata' in 'field list'
File: ZEZKWHVDSQXEMJQPI3I6NGC26E63NXNR.pdf | Error: Unknown column 'metadata' in 'field list'
File: ZF3VSSCDPGCPC7BIYVD474NMD3TEZZW2.pdf | Error: Unknown column 'metadata' in 'field list'
File: ZG4LEUW7PZHS3KKJS6YEPD3F6MV2G3HH.pdf | Error: Unknown column 'metadata' in 'field list'
File: ZKGOIITRHIYI24D2FHP5NHRNQAWT6IQM.pdf | Error: Unknown column 'metadata' in 'field list'
File: ZKNFU42LM7BXETBTWEC42DOXCGU2MDLS.pdf | Error: Unknown column 'metadata' in 'field list'
File: ZNYZJRGRBVNDHPENIJ5DZ7KK2QLJZXYQ.pdf | Error: Unknown column 'metadata' in 'field list'
File: ZOSGUBBCKERLX4O7ASNWV3DLHDYOVOZ2.pdf | Error: Unknown column 'metadata' in 'field list'
File: ZRWJZJQPWO5B3TIBCWQKW47LFR6BM3HW.pdf | Error: Unknown column 'metadata' in 'field list'
File: ZUWRZSXWC4YCHANQID44W33VTJ4XQU4I.pdf | Error: Unknown column 'metadata' in 'field list'
File: ZWCWI7G7GYM3DHO2HOJBJRQNBG7GTV4C.pdf | Error: Unknown column 'metadata' in 'field list'
File: ZYUTCEHUM7TZDJS75XRY72MWSWNR2QPF.pdf | Error: Unknown column 'metadata' in 'field list'
File: ZZLARWOCNXAHCS25AGWDA2UPFRV3G6TU.pdf | Error: Unknown column 'metadata' in 'field list'
